<?xml version="1.0" encoding="UTF-8"?>
<testng-results ignored="0" total="4" passed="4" failed="0" skipped="0">
  <reporter-output>
  </reporter-output>
  <suite started-at="2021-11-25T00:59:07 IST" name="Default suite" finished-at="2021-11-25T00:59:36 IST" duration-ms="29010">
    <groups>
    </groups>
    <test started-at="2021-11-25T00:59:07 IST" name="Default test" finished-at="2021-11-25T00:59:36 IST" duration-ms="29010">
      <class name="Package_Demo.Pega_login">
        <test-method is-config="true" signature="setup()[pri:0, instance:Package_Demo.Pega_login@446293d]" started-at="2021-11-25T00:59:07 IST" name="setup" finished-at="2021-11-25T00:59:09 IST" duration-ms="1532" status="PASS">
          <reporter-output>
          </reporter-output>
        </test-method> <!-- setup -->
        <test-method signature="launch_app()[pri:0, instance:Package_Demo.Pega_login@446293d]" started-at="2021-11-25T00:59:09 IST" name="launch_app" finished-at="2021-11-25T00:59:11 IST" duration-ms="1905" status="PASS">
          <reporter-output>
          </reporter-output>
        </test-method> <!-- launch_app -->
        <test-method signature="enter_user()[pri:0, instance:Package_Demo.Pega_login@446293d]" started-at="2021-11-25T00:59:11 IST" name="enter_user" finished-at="2021-11-25T00:59:11 IST" depends-on-methods="Package_Demo.Pega_login.launch_app" duration-ms="88" status="PASS">
          <reporter-output>
          </reporter-output>
        </test-method> <!-- enter_user -->
        <test-method signature="enter_password()[pri:0, instance:Package_Demo.Pega_login@446293d]" started-at="2021-11-25T00:59:11 IST" name="enter_password" finished-at="2021-11-25T00:59:11 IST" depends-on-methods="Package_Demo.Pega_login.enter_user" duration-ms="79" status="PASS">
          <reporter-output>
          </reporter-output>
        </test-method> <!-- enter_password -->
        <test-method signature="click_login()[pri:0, instance:Package_Demo.Pega_login@446293d]" started-at="2021-11-25T00:59:11 IST" name="click_login" finished-at="2021-11-25T00:59:36 IST" depends-on-methods="Package_Demo.Pega_login.enter_password" duration-ms="25223" status="PASS">
          <reporter-output>
          </reporter-output>
        </test-method> <!-- click_login -->
        <test-method is-config="true" signature="finish()[pri:0, instance:Package_Demo.Pega_login@446293d]" started-at="2021-11-25T00:59:36 IST" name="finish" finished-at="2021-11-25T00:59:36 IST" duration-ms="153" status="PASS">
          <reporter-output>
          </reporter-output>
        </test-method> <!-- finish -->
      </class> <!-- Package_Demo.Pega_login -->
    </test> <!-- Default test -->
  </suite> <!-- Default suite -->
</testng-results>
